Building DAG of jobs...
Using shell: /bin/bash
Provided cores: 1
Rules claiming more threads will be scaled down.
Job counts:
	count	jobs
	1	all
	1	make_anndata_ATAC
	2

[Thu Jul  2 09:46:51 2020]
rule make_anndata_ATAC:
    input: /nfs/team205/ed6/data/paired_RNA_ATAC_datasets/Chen_2019/P0_brain/ATAC_raw/GSE126074_P0_BrainCortex_SNAREseq_chromatin.counts.mtx.gz, /nfs/team205/ed6/data/paired_RNA_ATAC_datasets/Chen_2019/P0_brain/ATAC_raw/GSE126074_P0_BrainCortex_SNAREseq_chromatin.barcodes.tsv.gz, /nfs/team205/ed6/data/paired_RNA_ATAC_datasets/Chen_2019/P0_brain/ATAC_raw/GSE126074_P0_BrainCortex_SNAREseq_chromatin.peaks.tsv.gz, /nfs/team205/ed6/data/paired_RNA_ATAC_datasets/Chen_2019/P0_brain/ATACpeaks_annotation.csv
    output: /nfs/team205/ed6/data/paired_RNA_ATAC_datasets/Chen_2019/P0_brain/GSE126074_P0_BrainCortex_SNAREseq_ATAC_raw.h5ad
    jobid: 2
    wildcards: datadir=/nfs/team205/ed6/data/paired_RNA_ATAC_datasets/Chen_2019/P0_brain

[Thu Jul  2 09:47:26 2020]
Finished job 2.
1 of 2 steps (50%) done

[Thu Jul  2 09:47:26 2020]
localrule all:
    input: /nfs/team205/ed6/data/paired_RNA_ATAC_datasets/Chen_2019/P0_brain/GSE126074_P0_BrainCortex_SNAREseq_RNA_raw.h5ad, /nfs/team205/ed6/data/paired_RNA_ATAC_datasets/Chen_2019/P0_brain/GSE126074_P0_BrainCortex_SNAREseq_ATAC_raw.h5ad
    jobid: 0

[Thu Jul  2 09:47:26 2020]
Finished job 0.
2 of 2 steps (100%) done
Complete log: /home/jovyan/preprocess_snakemake/.snakemake/log/2020-07-02T094651.583082.snakemake.log
