Building DAG of jobs...
Using shell: /bin/bash
Provided cores: 1
Rules claiming more threads will be scaled down.
Job counts:
	count	jobs
	1	cistopic_transpose_train
	1	make_anndata_ATAC
	2

[Tue Jul 21 07:14:25 2020]
rule make_anndata_ATAC:
    input: /nfs/team205/ed6/data/paired_RNA_ATAC_datasets/Chen_2019/P0_brain/ATAC_raw/GSE126074_P0_BrainCortex_SNAREseq_chromatin.counts.mtx.gz, /nfs/team205/ed6/data/paired_RNA_ATAC_datasets/Chen_2019/P0_brain/ATAC_raw/GSE126074_P0_BrainCortex_SNAREseq_chromatin.barcodes.tsv.gz, /nfs/team205/ed6/data/paired_RNA_ATAC_datasets/Chen_2019/P0_brain/ATAC_raw/GSE126074_P0_BrainCortex_SNAREseq_chromatin.peaks.tsv.gz, /nfs/team205/ed6/data/paired_RNA_ATAC_datasets/Chen_2019/P0_brain/ATACpeaks_annotation.csv
    output: /nfs/team205/ed6/data/paired_RNA_ATAC_datasets/Chen_2019/P0_brain/GSE126074_P0_BrainCortex_SNAREseq_ATAC_raw.h5ad, /nfs/team205/ed6/data/paired_RNA_ATAC_datasets/Chen_2019/P0_brain/GSE126074_P0_BrainCortex_SNAREseq_ATAC_cisTopic.tsv
    jobid: 1
    wildcards: datadir=/nfs/team205/ed6/data/paired_RNA_ATAC_datasets/Chen_2019/P0_brain, sample_prefix=GSE126074_P0_BrainCortex_SNAREseq

[Tue Jul 21 07:19:10 2020]
Finished job 1.
1 of 2 steps (50%) done

[Tue Jul 21 07:19:10 2020]
rule cistopic_transpose_train:
    input: /nfs/team205/ed6/data/paired_RNA_ATAC_datasets/Chen_2019/P0_brain/GSE126074_P0_BrainCortex_SNAREseq_ATAC_cisTopic.tsv
    output: /nfs/team205/ed6/data/paired_RNA_ATAC_datasets/Chen_2019/P0_brain/GSE126074_P0_BrainCortex_SNAREseq_ATAC_cisTopic.trainedTransposedCistopic.RDS, /nfs/team205/ed6/data/paired_RNA_ATAC_datasets/Chen_2019/P0_brain/GSE126074_P0_BrainCortex_SNAREseq_ATAC_cisTopic.probabilityT.mmtx
    jobid: 0
    wildcards: datadir=/nfs/team205/ed6/data/paired_RNA_ATAC_datasets/Chen_2019/P0_brain, sample_prefix=GSE126074_P0_BrainCortex_SNAREseq

[Tue Jul 21 07:21:54 2020]
Error in rule cistopic_transpose_train:
    jobid: 0
    output: /nfs/team205/ed6/data/paired_RNA_ATAC_datasets/Chen_2019/P0_brain/GSE126074_P0_BrainCortex_SNAREseq_ATAC_cisTopic.trainedTransposedCistopic.RDS, /nfs/team205/ed6/data/paired_RNA_ATAC_datasets/Chen_2019/P0_brain/GSE126074_P0_BrainCortex_SNAREseq_ATAC_cisTopic.probabilityT.mmtx
    shell:
        Rscript run_transpose_cistopic.R /nfs/team205/ed6/data/paired_RNA_ATAC_datasets/Chen_2019/P0_brain/GSE126074_P0_BrainCortex_SNAREseq_ATAC_cisTopic.tsv --n_cores 1 --seed 2020

Shutting down, this might take some time.
Exiting because a job execution failed. Look above for error message
Complete log: /home/jovyan/preprocess_snakemake/.snakemake/log/2020-07-21T071425.081001.snakemake.log
