Building DAG of jobs...
Using shell: /bin/bash
Provided cores: 1
Rules claiming more threads will be scaled down.
Job counts:
	count	jobs
	1	cistopic_transpose_train
	1

[Tue Jul 21 13:17:54 2020]
rule cistopic_transpose_train:
    input: /nfs/team205/ed6/data/paired_RNA_ATAC_datasets/Chen_2019/P0_brain/GSE126074_P0_BrainCortex_SNAREseq_ATAC_cisTopic.tsv
    output: /nfs/team205/ed6/data/paired_RNA_ATAC_datasets/Chen_2019/P0_brain/GSE126074_P0_BrainCortex_SNAREseq_ATAC_cisTopic.trainedTransposedCistopic.RDS, /nfs/team205/ed6/data/paired_RNA_ATAC_datasets/Chen_2019/P0_brain/GSE126074_P0_BrainCortex_SNAREseq_ATAC_cisTopic.probabilityT.mmtx
    jobid: 0
    wildcards: datadir=/nfs/team205/ed6/data/paired_RNA_ATAC_datasets/Chen_2019/P0_brain, sample_prefix=GSE126074_P0_BrainCortex_SNAREseq

[Tue Jul 21 17:10:18 2020]
Error in rule cistopic_transpose_train:
    jobid: 0
    output: /nfs/team205/ed6/data/paired_RNA_ATAC_datasets/Chen_2019/P0_brain/GSE126074_P0_BrainCortex_SNAREseq_ATAC_cisTopic.trainedTransposedCistopic.RDS, /nfs/team205/ed6/data/paired_RNA_ATAC_datasets/Chen_2019/P0_brain/GSE126074_P0_BrainCortex_SNAREseq_ATAC_cisTopic.probabilityT.mmtx
    shell:
        Rscript run_transpose_cistopic.R /nfs/team205/ed6/data/paired_RNA_ATAC_datasets/Chen_2019/P0_brain/GSE126074_P0_BrainCortex_SNAREseq_ATAC_cisTopic.tsv --n_cores 1 --seed 2020

Removing output files of failed job cistopic_transpose_train since they might be corrupted:
/nfs/team205/ed6/data/paired_RNA_ATAC_datasets/Chen_2019/P0_brain/GSE126074_P0_BrainCortex_SNAREseq_ATAC_cisTopic.trainedTransposedCistopic.RDS
Shutting down, this might take some time.
Exiting because a job execution failed. Look above for error message
Complete log: /home/jovyan/preprocess_snakemake/.snakemake/log/2020-07-21T131754.278312.snakemake.log
