Building DAG of jobs...
Using shell: /bin/bash
Provided cores: 1
Rules claiming more threads will be scaled down.
Job counts:
	count	jobs
	1	cistopic_train
	1

[Wed Jul 22 09:40:20 2020]
rule cistopic_train:
    input: /nfs/team205/ed6/data/thymus_data/snakemake_preprocess/thymusATAC_ATAC_cisTopic.tsv
    output: /nfs/team205/ed6/data/thymus_data/snakemake_preprocess/thymusATAC_ATAC_cisTopic.trainedCistopic.RDS, /nfs/team205/ed6/data/thymus_data/snakemake_preprocess/thymusATAC_ATAC_cisTopic.topics.csv
    jobid: 0
    wildcards: datadir=/nfs/team205/ed6/data/thymus_data/snakemake_preprocess, sample_prefix=thymusATAC

[Wed Jul 22 09:48:38 2020]
Error in rule cistopic_train:
    jobid: 0
    output: /nfs/team205/ed6/data/thymus_data/snakemake_preprocess/thymusATAC_ATAC_cisTopic.trainedCistopic.RDS, /nfs/team205/ed6/data/thymus_data/snakemake_preprocess/thymusATAC_ATAC_cisTopic.topics.csv
    shell:
        Rscript run_cistopic.R /nfs/team205/ed6/data/thymus_data/snakemake_preprocess/thymusATAC_ATAC_cisTopic.tsv --n_cores 1 --seed 2020

Shutting down, this might take some time.
Exiting because a job execution failed. Look above for error message
Complete log: /home/jovyan/preprocess_snakemake/.snakemake/log/2020-07-22T094020.007641.snakemake.log
