Building DAG of jobs...
Using shell: /bin/bash
Provided cores: 1
Rules claiming more threads will be scaled down.
Job counts:
	count	jobs
	1	all
	1	cistopic_train
	1	dim_red_atac
	1	dim_red_rna
	4

[Thu Jul  2 11:03:43 2020]
rule cistopic_train:
    input: /nfs/team205/ed6/data/paired_RNA_ATAC_datasets/Chen_2019/P0_brain/GSE126074_P0_BrainCortex_SNAREseq_ATAC_cisTopic.tsv
    output: /nfs/team205/ed6/data/paired_RNA_ATAC_datasets/Chen_2019/P0_brain/GSE126074_P0_BrainCortex_SNAREseq_ATAC_cisTopic.trainedCistopic.RDS, /nfs/team205/ed6/data/paired_RNA_ATAC_datasets/Chen_2019/P0_brain/GSE126074_P0_BrainCortex_SNAREseq_ATAC_cisTopic.topics.csv
    jobid: 2
    wildcards: datadir=/nfs/team205/ed6/data/paired_RNA_ATAC_datasets/Chen_2019/P0_brain

[Thu Jul  2 11:06:26 2020]
Error in rule cistopic_train:
    jobid: 2
    output: /nfs/team205/ed6/data/paired_RNA_ATAC_datasets/Chen_2019/P0_brain/GSE126074_P0_BrainCortex_SNAREseq_ATAC_cisTopic.trainedCistopic.RDS, /nfs/team205/ed6/data/paired_RNA_ATAC_datasets/Chen_2019/P0_brain/GSE126074_P0_BrainCortex_SNAREseq_ATAC_cisTopic.topics.csv
    shell:
        Rscript run_cistopic.R /nfs/team205/ed6/data/paired_RNA_ATAC_datasets/Chen_2019/P0_brain/GSE126074_P0_BrainCortex_SNAREseq_ATAC_cisTopic.tsv --n_cores 1 --seed 2020

Shutting down, this might take some time.
Exiting because a job execution failed. Look above for error message
Complete log: /home/jovyan/preprocess_snakemake/.snakemake/log/2020-07-02T110343.714370.snakemake.log
